This file contains any messages produced by compilers while
running configure, to aid debugging if configure makes a mistake.

It was created by configure, which was
generated by GNU Autoconf 2.69.  Invocation command line was

  $ ./configure 

## --------- ##
## Platform. ##
## --------- ##

hostname = webdev
uname -m = x86_64
uname -r = 3.2.0-29-generic
uname -s = Linux
uname -v = #46-Ubuntu SMP Fri Jul 27 17:03:23 UTC 2012

/usr/bin/uname -p = unknown
/bin/uname -X     = unknown

/bin/arch              = unknown
/usr/bin/arch -k       = unknown
/usr/convex/getsysinfo = unknown
/usr/bin/hostinfo      = unknown
/bin/machine           = unknown
/usr/bin/oslevel       = unknown
/bin/universe          = unknown

PATH: /home/chee/.rvm/gems/ruby-2.0.0-p0/bin
PATH: /home/chee/.rvm/gems/ruby-2.0.0-p0@global/bin
PATH: /home/chee/.rvm/rubies/ruby-2.0.0-p0/bin
PATH: /home/chee/.rvm/bin
PATH: /usr/local/sbin
PATH: /usr/local/bin
PATH: /usr/sbin
PATH: /usr/bin
PATH: /sbin
PATH: /bin
PATH: /usr/games


## ----------- ##
## Core tests. ##
## ----------- ##

configure:2151: result: Configuring ChromaTerm
configure:2238: checking for gcc
configure:2254: found /usr/bin/gcc
configure:2265: result: gcc
configure:2494: checking for C compiler version
configure:2503: gcc --version >&5
gcc (Ubuntu/Linaro 4.6.3-1ubuntu5) 4.6.3
Copyright (C) 2011 Free Software Foundation, Inc.
This is free software; see the source for copying conditions.  There is NO
warranty; not even for MERCHANTABILITY or FITNESS FOR A PARTICULAR PURPOSE.

configure:2514: $? = 0
configure:2503: gcc -v >&5
Using built-in specs.
COLLECT_GCC=gcc
COLLECT_LTO_WRAPPER=/usr/lib/gcc/x86_64-linux-gnu/4.6/lto-wrapper
Target: x86_64-linux-gnu
Configured with: ../src/configure -v --with-pkgversion='Ubuntu/Linaro 4.6.3-1ubuntu5' --with-bugurl=file:///usr/share/doc/gcc-4.6/README.Bugs --enable-languages=c,c++,fortran,objc,obj-c++ --prefix=/usr --program-suffix=-4.6 --enable-shared --enable-linker-build-id --with-system-zlib --libexecdir=/usr/lib --without-included-gettext --enable-threads=posix --with-gxx-include-dir=/usr/include/c++/4.6 --libdir=/usr/lib --enable-nls --with-sysroot=/ --enable-clocale=gnu --enable-libstdcxx-debug --enable-libstdcxx-time=yes --enable-gnu-unique-object --enable-plugin --enable-objc-gc --disable-werror --with-arch-32=i686 --with-tune=generic --enable-checking=release --build=x86_64-linux-gnu --host=x86_64-linux-gnu --target=x86_64-linux-gnu
Thread model: posix
gcc version 4.6.3 (Ubuntu/Linaro 4.6.3-1ubuntu5) 
configure:2514: $? = 0
configure:2503: gcc -V >&5
gcc: error: unrecognized option '-V'
gcc: fatal error: no input files
compilation terminated.
configure:2514: $? = 4
configure:2503: gcc -qversion >&5
gcc: error: unrecognized option '-qversion'
gcc: fatal error: no input files
compilation terminated.
configure:2514: $? = 4
configure:2534: checking whether the C compiler works
configure:2556: gcc    conftest.c  >&5
configure:2560: $? = 0
configure:2608: result: yes
configure:2611: checking for C compiler default output file name
configure:2613: result: a.out
configure:2619: checking for suffix of executables
configure:2626: gcc -o conftest    conftest.c  >&5
configure:2630: $? = 0
configure:2652: result: 
configure:2674: checking whether we are cross compiling
configure:2682: gcc -o conftest    conftest.c  >&5
configure:2686: $? = 0
configure:2693: ./conftest
configure:2697: $? = 0
configure:2712: result: no
configure:2717: checking for suffix of object files
configure:2739: gcc -c   conftest.c >&5
configure:2743: $? = 0
configure:2764: result: o
configure:2768: checking whether we are using the GNU C compiler
configure:2787: gcc -c   conftest.c >&5
configure:2787: $? = 0
configure:2796: result: yes
configure:2805: checking whether gcc accepts -g
configure:2825: gcc -c -g  conftest.c >&5
configure:2825: $? = 0
configure:2866: result: yes
configure:2883: checking for gcc option to accept ISO C89
configure:2946: gcc  -c -g -O2  conftest.c >&5
configure:2946: $? = 0
configure:2959: result: none needed
configure:2979: checking whether make sets $(MAKE)
configure:3001: result: yes
configure:3020: checking how to run the C preprocessor
configure:3051: gcc -E  conftest.c
configure:3051: $? = 0
configure:3065: gcc -E  conftest.c
conftest.c:9:28: fatal error: ac_nonexistent.h: No such file or directory
compilation terminated.
configure:3065: $? = 1
configure: failed program was:
| /* confdefs.h */
| #define PACKAGE_NAME ""
| #define PACKAGE_TARNAME ""
| #define PACKAGE_VERSION ""
| #define PACKAGE_STRING ""
| #define PACKAGE_BUGREPORT ""
| #define PACKAGE_URL ""
| /* end confdefs.h.  */
| #include <ac_nonexistent.h>
configure:3090: result: gcc -E
configure:3110: gcc -E  conftest.c
configure:3110: $? = 0
configure:3124: gcc -E  conftest.c
conftest.c:9:28: fatal error: ac_nonexistent.h: No such file or directory
compilation terminated.
configure:3124: $? = 1
configure: failed program was:
| /* confdefs.h */
| #define PACKAGE_NAME ""
| #define PACKAGE_TARNAME ""
| #define PACKAGE_VERSION ""
| #define PACKAGE_STRING ""
| #define PACKAGE_BUGREPORT ""
| #define PACKAGE_URL ""
| /* end confdefs.h.  */
| #include <ac_nonexistent.h>
configure:3153: checking for grep that handles long lines and -e
configure:3211: result: /bin/grep
configure:3216: checking for egrep
configure:3278: result: /bin/grep -E
configure:3283: checking for ANSI C header files
configure:3303: gcc -c -g -O2  conftest.c >&5
configure:3303: $? = 0
configure:3376: gcc -o conftest -g -O2   conftest.c  >&5
configure:3376: $? = 0
configure:3376: ./conftest
configure:3376: $? = 0
configure:3387: result: yes
configure:3401: checking for sys/types.h
configure:3401: gcc -c -g -O2  conftest.c >&5
configure:3401: $? = 0
configure:3401: result: yes
configure:3401: checking for sys/stat.h
configure:3401: gcc -c -g -O2  conftest.c >&5
configure:3401: $? = 0
configure:3401: result: yes
configure:3401: checking for stdlib.h
configure:3401: gcc -c -g -O2  conftest.c >&5
configure:3401: $? = 0
configure:3401: result: yes
configure:3401: checking for string.h
configure:3401: gcc -c -g -O2  conftest.c >&5
configure:3401: $? = 0
configure:3401: result: yes
configure:3401: checking for memory.h
configure:3401: gcc -c -g -O2  conftest.c >&5
configure:3401: $? = 0
configure:3401: result: yes
configure:3401: checking for strings.h
configure:3401: gcc -c -g -O2  conftest.c >&5
configure:3401: $? = 0
configure:3401: result: yes
configure:3401: checking for inttypes.h
configure:3401: gcc -c -g -O2  conftest.c >&5
configure:3401: $? = 0
configure:3401: result: yes
configure:3401: checking for stdint.h
configure:3401: gcc -c -g -O2  conftest.c >&5
configure:3401: $? = 0
configure:3401: result: yes
configure:3401: checking for unistd.h
configure:3401: gcc -c -g -O2  conftest.c >&5
configure:3401: $? = 0
configure:3401: result: yes
configure:3416: checking arpa/inet.h usability
configure:3416: gcc -c -g -O2  conftest.c >&5
configure:3416: $? = 0
configure:3416: result: yes
configure:3416: checking arpa/inet.h presence
configure:3416: gcc -E  conftest.c
configure:3416: $? = 0
configure:3416: result: yes
configure:3416: checking for arpa/inet.h
configure:3416: result: yes
configure:3416: checking ctype.h usability
configure:3416: gcc -c -g -O2  conftest.c >&5
configure:3416: $? = 0
configure:3416: result: yes
configure:3416: checking ctype.h presence
configure:3416: gcc -E  conftest.c
configure:3416: $? = 0
configure:3416: result: yes
configure:3416: checking for ctype.h
configure:3416: result: yes
configure:3416: checking fcntl.h usability
configure:3416: gcc -c -g -O2  conftest.c >&5
configure:3416: $? = 0
configure:3416: result: yes
configure:3416: checking fcntl.h presence
configure:3416: gcc -E  conftest.c
configure:3416: $? = 0
configure:3416: result: yes
configure:3416: checking for fcntl.h
configure:3416: result: yes
configure:3416: checking net/errno.h usability
configure:3416: gcc -c -g -O2  conftest.c >&5
conftest.c:55:23: fatal error: net/errno.h: No such file or directory
compilation terminated.
configure:3416: $? = 1
configure: failed program was:
| /* confdefs.h */
| #define PACKAGE_NAME ""
| #define PACKAGE_TARNAME ""
| #define PACKAGE_VERSION ""
| #define PACKAGE_STRING ""
| #define PACKAGE_BUGREPORT ""
| #define PACKAGE_URL ""
| #define STDC_HEADERS 1
| #define HAVE_SYS_TYPES_H 1
| #define HAVE_SYS_STAT_H 1
| #define HAVE_STDLIB_H 1
| #define HAVE_STRING_H 1
| #define HAVE_MEMORY_H 1
| #define HAVE_STRINGS_H 1
| #define HAVE_INTTYPES_H 1
| #define HAVE_STDINT_H 1
| #define HAVE_UNISTD_H 1
| #define HAVE_ARPA_INET_H 1
| #define HAVE_CTYPE_H 1
| #define HAVE_FCNTL_H 1
| /* end confdefs.h.  */
| #include <stdio.h>
| #ifdef HAVE_SYS_TYPES_H
| # include <sys/types.h>
| #endif
| #ifdef HAVE_SYS_STAT_H
| # include <sys/stat.h>
| #endif
| #ifdef STDC_HEADERS
| # include <stdlib.h>
| # include <stddef.h>
| #else
| # ifdef HAVE_STDLIB_H
| #  include <stdlib.h>
| # endif
| #endif
| #ifdef HAVE_STRING_H
| # if !defined STDC_HEADERS && defined HAVE_MEMORY_H
| #  include <memory.h>
| # endif
| # include <string.h>
| #endif
| #ifdef HAVE_STRINGS_H
| # include <strings.h>
| #endif
| #ifdef HAVE_INTTYPES_H
| # include <inttypes.h>
| #endif
| #ifdef HAVE_STDINT_H
| # include <stdint.h>
| #endif
| #ifdef HAVE_UNISTD_H
| # include <unistd.h>
| #endif
| #include <net/errno.h>
configure:3416: result: no
configure:3416: checking net/errno.h presence
configure:3416: gcc -E  conftest.c
conftest.c:22:23: fatal error: net/errno.h: No such file or directory
compilation terminated.
configure:3416: $? = 1
configure: failed program was:
| /* confdefs.h */
| #define PACKAGE_NAME ""
| #define PACKAGE_TARNAME ""
| #define PACKAGE_VERSION ""
| #define PACKAGE_STRING ""
| #define PACKAGE_BUGREPORT ""
| #define PACKAGE_URL ""
| #define STDC_HEADERS 1
| #define HAVE_SYS_TYPES_H 1
| #define HAVE_SYS_STAT_H 1
| #define HAVE_STDLIB_H 1
| #define HAVE_STRING_H 1
| #define HAVE_MEMORY_H 1
| #define HAVE_STRINGS_H 1
| #define HAVE_INTTYPES_H 1
| #define HAVE_STDINT_H 1
| #define HAVE_UNISTD_H 1
| #define HAVE_ARPA_INET_H 1
| #define HAVE_CTYPE_H 1
| #define HAVE_FCNTL_H 1
| /* end confdefs.h.  */
| #include <net/errno.h>
configure:3416: result: no
configure:3416: checking for net/errno.h
configure:3416: result: no
configure:3416: checking netdb.h usability
configure:3416: gcc -c -g -O2  conftest.c >&5
configure:3416: $? = 0
configure:3416: result: yes
configure:3416: checking netdb.h presence
configure:3416: gcc -E  conftest.c
configure:3416: $? = 0
configure:3416: result: yes
configure:3416: checking for netdb.h
configure:3416: result: yes
configure:3416: checking netinet/in.h usability
configure:3416: gcc -c -g -O2  conftest.c >&5
configure:3416: $? = 0
configure:3416: result: yes
configure:3416: checking netinet/in.h presence
configure:3416: gcc -E  conftest.c
configure:3416: $? = 0
configure:3416: result: yes
configure:3416: checking for netinet/in.h
configure:3416: result: yes
configure:3416: checking param.h usability
configure:3416: gcc -c -g -O2  conftest.c >&5
conftest.c:57:19: fatal error: param.h: No such file or directory
compilation terminated.
configure:3416: $? = 1
configure: failed program was:
| /* confdefs.h */
| #define PACKAGE_NAME ""
| #define PACKAGE_TARNAME ""
| #define PACKAGE_VERSION ""
| #define PACKAGE_STRING ""
| #define PACKAGE_BUGREPORT ""
| #define PACKAGE_URL ""
| #define STDC_HEADERS 1
| #define HAVE_SYS_TYPES_H 1
| #define HAVE_SYS_STAT_H 1
| #define HAVE_STDLIB_H 1
| #define HAVE_STRING_H 1
| #define HAVE_MEMORY_H 1
| #define HAVE_STRINGS_H 1
| #define HAVE_INTTYPES_H 1
| #define HAVE_STDINT_H 1
| #define HAVE_UNISTD_H 1
| #define HAVE_ARPA_INET_H 1
| #define HAVE_CTYPE_H 1
| #define HAVE_FCNTL_H 1
| #define HAVE_NETDB_H 1
| #define HAVE_NETINET_IN_H 1
| /* end confdefs.h.  */
| #include <stdio.h>
| #ifdef HAVE_SYS_TYPES_H
| # include <sys/types.h>
| #endif
| #ifdef HAVE_SYS_STAT_H
| # include <sys/stat.h>
| #endif
| #ifdef STDC_HEADERS
| # include <stdlib.h>
| # include <stddef.h>
| #else
| # ifdef HAVE_STDLIB_H
| #  include <stdlib.h>
| # endif
| #endif
| #ifdef HAVE_STRING_H
| # if !defined STDC_HEADERS && defined HAVE_MEMORY_H
| #  include <memory.h>
| # endif
| # include <string.h>
| #endif
| #ifdef HAVE_STRINGS_H
| # include <strings.h>
| #endif
| #ifdef HAVE_INTTYPES_H
| # include <inttypes.h>
| #endif
| #ifdef HAVE_STDINT_H
| # include <stdint.h>
| #endif
| #ifdef HAVE_UNISTD_H
| # include <unistd.h>
| #endif
| #include <param.h>
configure:3416: result: no
configure:3416: checking param.h presence
configure:3416: gcc -E  conftest.c
conftest.c:24:19: fatal error: param.h: No such file or directory
compilation terminated.
configure:3416: $? = 1
configure: failed program was:
| /* confdefs.h */
| #define PACKAGE_NAME ""
| #define PACKAGE_TARNAME ""
| #define PACKAGE_VERSION ""
| #define PACKAGE_STRING ""
| #define PACKAGE_BUGREPORT ""
| #define PACKAGE_URL ""
| #define STDC_HEADERS 1
| #define HAVE_SYS_TYPES_H 1
| #define HAVE_SYS_STAT_H 1
| #define HAVE_STDLIB_H 1
| #define HAVE_STRING_H 1
| #define HAVE_MEMORY_H 1
| #define HAVE_STRINGS_H 1
| #define HAVE_INTTYPES_H 1
| #define HAVE_STDINT_H 1
| #define HAVE_UNISTD_H 1
| #define HAVE_ARPA_INET_H 1
| #define HAVE_CTYPE_H 1
| #define HAVE_FCNTL_H 1
| #define HAVE_NETDB_H 1
| #define HAVE_NETINET_IN_H 1
| /* end confdefs.h.  */
| #include <param.h>
configure:3416: result: no
configure:3416: checking for param.h
configure:3416: result: no
configure:3416: checking pthread.h usability
configure:3416: gcc -c -g -O2  conftest.c >&5
configure:3416: $? = 0
configure:3416: result: yes
configure:3416: checking pthread.h presence
configure:3416: gcc -E  conftest.c
configure:3416: $? = 0
configure:3416: result: yes
configure:3416: checking for pthread.h
configure:3416: result: yes
configure:3416: checking socks.h usability
configure:3416: gcc -c -g -O2  conftest.c >&5
conftest.c:58:19: fatal error: socks.h: No such file or directory
compilation terminated.
configure:3416: $? = 1
configure: failed program was:
| /* confdefs.h */
| #define PACKAGE_NAME ""
| #define PACKAGE_TARNAME ""
| #define PACKAGE_VERSION ""
| #define PACKAGE_STRING ""
| #define PACKAGE_BUGREPORT ""
| #define PACKAGE_URL ""
| #define STDC_HEADERS 1
| #define HAVE_SYS_TYPES_H 1
| #define HAVE_SYS_STAT_H 1
| #define HAVE_STDLIB_H 1
| #define HAVE_STRING_H 1
| #define HAVE_MEMORY_H 1
| #define HAVE_STRINGS_H 1
| #define HAVE_INTTYPES_H 1
| #define HAVE_STDINT_H 1
| #define HAVE_UNISTD_H 1
| #define HAVE_ARPA_INET_H 1
| #define HAVE_CTYPE_H 1
| #define HAVE_FCNTL_H 1
| #define HAVE_NETDB_H 1
| #define HAVE_NETINET_IN_H 1
| #define HAVE_PTHREAD_H 1
| /* end confdefs.h.  */
| #include <stdio.h>
| #ifdef HAVE_SYS_TYPES_H
| # include <sys/types.h>
| #endif
| #ifdef HAVE_SYS_STAT_H
| # include <sys/stat.h>
| #endif
| #ifdef STDC_HEADERS
| # include <stdlib.h>
| # include <stddef.h>
| #else
| # ifdef HAVE_STDLIB_H
| #  include <stdlib.h>
| # endif
| #endif
| #ifdef HAVE_STRING_H
| # if !defined STDC_HEADERS && defined HAVE_MEMORY_H
| #  include <memory.h>
| # endif
| # include <string.h>
| #endif
| #ifdef HAVE_STRINGS_H
| # include <strings.h>
| #endif
| #ifdef HAVE_INTTYPES_H
| # include <inttypes.h>
| #endif
| #ifdef HAVE_STDINT_H
| # include <stdint.h>
| #endif
| #ifdef HAVE_UNISTD_H
| # include <unistd.h>
| #endif
| #include <socks.h>
configure:3416: result: no
configure:3416: checking socks.h presence
configure:3416: gcc -E  conftest.c
conftest.c:25:19: fatal error: socks.h: No such file or directory
compilation terminated.
configure:3416: $? = 1
configure: failed program was:
| /* confdefs.h */
| #define PACKAGE_NAME ""
| #define PACKAGE_TARNAME ""
| #define PACKAGE_VERSION ""
| #define PACKAGE_STRING ""
| #define PACKAGE_BUGREPORT ""
| #define PACKAGE_URL ""
| #define STDC_HEADERS 1
| #define HAVE_SYS_TYPES_H 1
| #define HAVE_SYS_STAT_H 1
| #define HAVE_STDLIB_H 1
| #define HAVE_STRING_H 1
| #define HAVE_MEMORY_H 1
| #define HAVE_STRINGS_H 1
| #define HAVE_INTTYPES_H 1
| #define HAVE_STDINT_H 1
| #define HAVE_UNISTD_H 1
| #define HAVE_ARPA_INET_H 1
| #define HAVE_CTYPE_H 1
| #define HAVE_FCNTL_H 1
| #define HAVE_NETDB_H 1
| #define HAVE_NETINET_IN_H 1
| #define HAVE_PTHREAD_H 1
| /* end confdefs.h.  */
| #include <socks.h>
configure:3416: result: no
configure:3416: checking for socks.h
configure:3416: result: no
configure:3416: checking for stdlib.h
configure:3416: result: yes
configure:3416: checking for string.h
configure:3416: result: yes
configure:3416: checking for strings.h
configure:3416: result: yes
configure:3416: checking sys/ioctl.h usability
configure:3416: gcc -c -g -O2  conftest.c >&5
configure:3416: $? = 0
configure:3416: result: yes
configure:3416: checking sys/ioctl.h presence
configure:3416: gcc -E  conftest.c
configure:3416: $? = 0
configure:3416: result: yes
configure:3416: checking for sys/ioctl.h
configure:3416: result: yes
configure:3416: checking sys/param.h usability
configure:3416: gcc -c -g -O2  conftest.c >&5
configure:3416: $? = 0
configure:3416: result: yes
configure:3416: checking sys/param.h presence
configure:3416: gcc -E  conftest.c
configure:3416: $? = 0
configure:3416: result: yes
configure:3416: checking for sys/param.h
configure:3416: result: yes
configure:3416: checking sys/ptem.h usability
configure:3416: gcc -c -g -O2  conftest.c >&5
conftest.c:63:22: fatal error: sys/ptem.h: No such file or directory
compilation terminated.
configure:3416: $? = 1
configure: failed program was:
| /* confdefs.h */
| #define PACKAGE_NAME ""
| #define PACKAGE_TARNAME ""
| #define PACKAGE_VERSION ""
| #define PACKAGE_STRING ""
| #define PACKAGE_BUGREPORT ""
| #define PACKAGE_URL ""
| #define STDC_HEADERS 1
| #define HAVE_SYS_TYPES_H 1
| #define HAVE_SYS_STAT_H 1
| #define HAVE_STDLIB_H 1
| #define HAVE_STRING_H 1
| #define HAVE_MEMORY_H 1
| #define HAVE_STRINGS_H 1
| #define HAVE_INTTYPES_H 1
| #define HAVE_STDINT_H 1
| #define HAVE_UNISTD_H 1
| #define HAVE_ARPA_INET_H 1
| #define HAVE_CTYPE_H 1
| #define HAVE_FCNTL_H 1
| #define HAVE_NETDB_H 1
| #define HAVE_NETINET_IN_H 1
| #define HAVE_PTHREAD_H 1
| #define HAVE_STDLIB_H 1
| #define HAVE_STRING_H 1
| #define HAVE_STRINGS_H 1
| #define HAVE_SYS_IOCTL_H 1
| #define HAVE_SYS_PARAM_H 1
| /* end confdefs.h.  */
| #include <stdio.h>
| #ifdef HAVE_SYS_TYPES_H
| # include <sys/types.h>
| #endif
| #ifdef HAVE_SYS_STAT_H
| # include <sys/stat.h>
| #endif
| #ifdef STDC_HEADERS
| # include <stdlib.h>
| # include <stddef.h>
| #else
| # ifdef HAVE_STDLIB_H
| #  include <stdlib.h>
| # endif
| #endif
| #ifdef HAVE_STRING_H
| # if !defined STDC_HEADERS && defined HAVE_MEMORY_H
| #  include <memory.h>
| # endif
| # include <string.h>
| #endif
| #ifdef HAVE_STRINGS_H
| # include <strings.h>
| #endif
| #ifdef HAVE_INTTYPES_H
| # include <inttypes.h>
| #endif
| #ifdef HAVE_STDINT_H
| # include <stdint.h>
| #endif
| #ifdef HAVE_UNISTD_H
| # include <unistd.h>
| #endif
| #include <sys/ptem.h>
configure:3416: result: no
configure:3416: checking sys/ptem.h presence
configure:3416: gcc -E  conftest.c
conftest.c:30:22: fatal error: sys/ptem.h: No such file or directory
compilation terminated.
configure:3416: $? = 1
configure: failed program was:
| /* confdefs.h */
| #define PACKAGE_NAME ""
| #define PACKAGE_TARNAME ""
| #define PACKAGE_VERSION ""
| #define PACKAGE_STRING ""
| #define PACKAGE_BUGREPORT ""
| #define PACKAGE_URL ""
| #define STDC_HEADERS 1
| #define HAVE_SYS_TYPES_H 1
| #define HAVE_SYS_STAT_H 1
| #define HAVE_STDLIB_H 1
| #define HAVE_STRING_H 1
| #define HAVE_MEMORY_H 1
| #define HAVE_STRINGS_H 1
| #define HAVE_INTTYPES_H 1
| #define HAVE_STDINT_H 1
| #define HAVE_UNISTD_H 1
| #define HAVE_ARPA_INET_H 1
| #define HAVE_CTYPE_H 1
| #define HAVE_FCNTL_H 1
| #define HAVE_NETDB_H 1
| #define HAVE_NETINET_IN_H 1
| #define HAVE_PTHREAD_H 1
| #define HAVE_STDLIB_H 1
| #define HAVE_STRING_H 1
| #define HAVE_STRINGS_H 1
| #define HAVE_SYS_IOCTL_H 1
| #define HAVE_SYS_PARAM_H 1
| /* end confdefs.h.  */
| #include <sys/ptem.h>
configure:3416: result: no
configure:3416: checking for sys/ptem.h
configure:3416: result: no
configure:3416: checking sys/socket.h usability
configure:3416: gcc -c -g -O2  conftest.c >&5
configure:3416: $? = 0
configure:3416: result: yes
configure:3416: checking sys/socket.h presence
configure:3416: gcc -E  conftest.c
configure:3416: $? = 0
configure:3416: result: yes
configure:3416: checking for sys/socket.h
configure:3416: result: yes
configure:3416: checking sys/termio.h usability
configure:3416: gcc -c -g -O2  conftest.c >&5
conftest.c:64:24: fatal error: sys/termio.h: No such file or directory
compilation terminated.
configure:3416: $? = 1
configure: failed program was:
| /* confdefs.h */
| #define PACKAGE_NAME ""
| #define PACKAGE_TARNAME ""
| #define PACKAGE_VERSION ""
| #define PACKAGE_STRING ""
| #define PACKAGE_BUGREPORT ""
| #define PACKAGE_URL ""
| #define STDC_HEADERS 1
| #define HAVE_SYS_TYPES_H 1
| #define HAVE_SYS_STAT_H 1
| #define HAVE_STDLIB_H 1
| #define HAVE_STRING_H 1
| #define HAVE_MEMORY_H 1
| #define HAVE_STRINGS_H 1
| #define HAVE_INTTYPES_H 1
| #define HAVE_STDINT_H 1
| #define HAVE_UNISTD_H 1
| #define HAVE_ARPA_INET_H 1
| #define HAVE_CTYPE_H 1
| #define HAVE_FCNTL_H 1
| #define HAVE_NETDB_H 1
| #define HAVE_NETINET_IN_H 1
| #define HAVE_PTHREAD_H 1
| #define HAVE_STDLIB_H 1
| #define HAVE_STRING_H 1
| #define HAVE_STRINGS_H 1
| #define HAVE_SYS_IOCTL_H 1
| #define HAVE_SYS_PARAM_H 1
| #define HAVE_SYS_SOCKET_H 1
| /* end confdefs.h.  */
| #include <stdio.h>
| #ifdef HAVE_SYS_TYPES_H
| # include <sys/types.h>
| #endif
| #ifdef HAVE_SYS_STAT_H
| # include <sys/stat.h>
| #endif
| #ifdef STDC_HEADERS
| # include <stdlib.h>
| # include <stddef.h>
| #else
| # ifdef HAVE_STDLIB_H
| #  include <stdlib.h>
| # endif
| #endif
| #ifdef HAVE_STRING_H
| # if !defined STDC_HEADERS && defined HAVE_MEMORY_H
| #  include <memory.h>
| # endif
| # include <string.h>
| #endif
| #ifdef HAVE_STRINGS_H
| # include <strings.h>
| #endif
| #ifdef HAVE_INTTYPES_H
| # include <inttypes.h>
| #endif
| #ifdef HAVE_STDINT_H
| # include <stdint.h>
| #endif
| #ifdef HAVE_UNISTD_H
| # include <unistd.h>
| #endif
| #include <sys/termio.h>
configure:3416: result: no
configure:3416: checking sys/termio.h presence
configure:3416: gcc -E  conftest.c
conftest.c:31:24: fatal error: sys/termio.h: No such file or directory
compilation terminated.
configure:3416: $? = 1
configure: failed program was:
| /* confdefs.h */
| #define PACKAGE_NAME ""
| #define PACKAGE_TARNAME ""
| #define PACKAGE_VERSION ""
| #define PACKAGE_STRING ""
| #define PACKAGE_BUGREPORT ""
| #define PACKAGE_URL ""
| #define STDC_HEADERS 1
| #define HAVE_SYS_TYPES_H 1
| #define HAVE_SYS_STAT_H 1
| #define HAVE_STDLIB_H 1
| #define HAVE_STRING_H 1
| #define HAVE_MEMORY_H 1
| #define HAVE_STRINGS_H 1
| #define HAVE_INTTYPES_H 1
| #define HAVE_STDINT_H 1
| #define HAVE_UNISTD_H 1
| #define HAVE_ARPA_INET_H 1
| #define HAVE_CTYPE_H 1
| #define HAVE_FCNTL_H 1
| #define HAVE_NETDB_H 1
| #define HAVE_NETINET_IN_H 1
| #define HAVE_PTHREAD_H 1
| #define HAVE_STDLIB_H 1
| #define HAVE_STRING_H 1
| #define HAVE_STRINGS_H 1
| #define HAVE_SYS_IOCTL_H 1
| #define HAVE_SYS_PARAM_H 1
| #define HAVE_SYS_SOCKET_H 1
| /* end confdefs.h.  */
| #include <sys/termio.h>
configure:3416: result: no
configure:3416: checking for sys/termio.h
configure:3416: result: no
configure:3416: checking sys/time.h usability
configure:3416: gcc -c -g -O2  conftest.c >&5
configure:3416: $? = 0
configure:3416: result: yes
configure:3416: checking sys/time.h presence
configure:3416: gcc -E  conftest.c
configure:3416: $? = 0
configure:3416: result: yes
configure:3416: checking for sys/time.h
configure:3416: result: yes
configure:3416: checking time.h usability
configure:3416: gcc -c -g -O2  conftest.c >&5
configure:3416: $? = 0
configure:3416: result: yes
configure:3416: checking time.h presence
configure:3416: gcc -E  conftest.c
configure:3416: $? = 0
configure:3416: result: yes
configure:3416: checking for time.h
configure:3416: result: yes
configure:3416: checking for unistd.h
configure:3416: result: yes
configure:3416: checking util.h usability
configure:3416: gcc -c -g -O2  conftest.c >&5
conftest.c:67:18: fatal error: util.h: No such file or directory
compilation terminated.
configure:3416: $? = 1
configure: failed program was:
| /* confdefs.h */
| #define PACKAGE_NAME ""
| #define PACKAGE_TARNAME ""
| #define PACKAGE_VERSION ""
| #define PACKAGE_STRING ""
| #define PACKAGE_BUGREPORT ""
| #define PACKAGE_URL ""
| #define STDC_HEADERS 1
| #define HAVE_SYS_TYPES_H 1
| #define HAVE_SYS_STAT_H 1
| #define HAVE_STDLIB_H 1
| #define HAVE_STRING_H 1
| #define HAVE_MEMORY_H 1
| #define HAVE_STRINGS_H 1
| #define HAVE_INTTYPES_H 1
| #define HAVE_STDINT_H 1
| #define HAVE_UNISTD_H 1
| #define HAVE_ARPA_INET_H 1
| #define HAVE_CTYPE_H 1
| #define HAVE_FCNTL_H 1
| #define HAVE_NETDB_H 1
| #define HAVE_NETINET_IN_H 1
| #define HAVE_PTHREAD_H 1
| #define HAVE_STDLIB_H 1
| #define HAVE_STRING_H 1
| #define HAVE_STRINGS_H 1
| #define HAVE_SYS_IOCTL_H 1
| #define HAVE_SYS_PARAM_H 1
| #define HAVE_SYS_SOCKET_H 1
| #define HAVE_SYS_TIME_H 1
| #define HAVE_TIME_H 1
| #define HAVE_UNISTD_H 1
| /* end confdefs.h.  */
| #include <stdio.h>
| #ifdef HAVE_SYS_TYPES_H
| # include <sys/types.h>
| #endif
| #ifdef HAVE_SYS_STAT_H
| # include <sys/stat.h>
| #endif
| #ifdef STDC_HEADERS
| # include <stdlib.h>
| # include <stddef.h>
| #else
| # ifdef HAVE_STDLIB_H
| #  include <stdlib.h>
| # endif
| #endif
| #ifdef HAVE_STRING_H
| # if !defined STDC_HEADERS && defined HAVE_MEMORY_H
| #  include <memory.h>
| # endif
| # include <string.h>
| #endif
| #ifdef HAVE_STRINGS_H
| # include <strings.h>
| #endif
| #ifdef HAVE_INTTYPES_H
| # include <inttypes.h>
| #endif
| #ifdef HAVE_STDINT_H
| # include <stdint.h>
| #endif
| #ifdef HAVE_UNISTD_H
| # include <unistd.h>
| #endif
| #include <util.h>
configure:3416: result: no
configure:3416: checking util.h presence
configure:3416: gcc -E  conftest.c
conftest.c:34:18: fatal error: util.h: No such file or directory
compilation terminated.
configure:3416: $? = 1
configure: failed program was:
| /* confdefs.h */
| #define PACKAGE_NAME ""
| #define PACKAGE_TARNAME ""
| #define PACKAGE_VERSION ""
| #define PACKAGE_STRING ""
| #define PACKAGE_BUGREPORT ""
| #define PACKAGE_URL ""
| #define STDC_HEADERS 1
| #define HAVE_SYS_TYPES_H 1
| #define HAVE_SYS_STAT_H 1
| #define HAVE_STDLIB_H 1
| #define HAVE_STRING_H 1
| #define HAVE_MEMORY_H 1
| #define HAVE_STRINGS_H 1
| #define HAVE_INTTYPES_H 1
| #define HAVE_STDINT_H 1
| #define HAVE_UNISTD_H 1
| #define HAVE_ARPA_INET_H 1
| #define HAVE_CTYPE_H 1
| #define HAVE_FCNTL_H 1
| #define HAVE_NETDB_H 1
| #define HAVE_NETINET_IN_H 1
| #define HAVE_PTHREAD_H 1
| #define HAVE_STDLIB_H 1
| #define HAVE_STRING_H 1
| #define HAVE_STRINGS_H 1
| #define HAVE_SYS_IOCTL_H 1
| #define HAVE_SYS_PARAM_H 1
| #define HAVE_SYS_SOCKET_H 1
| #define HAVE_SYS_TIME_H 1
| #define HAVE_TIME_H 1
| #define HAVE_UNISTD_H 1
| /* end confdefs.h.  */
| #include <util.h>
configure:3416: result: no
configure:3416: checking for util.h
configure:3416: result: no
configure:3416: checking pty.h usability
configure:3416: gcc -c -g -O2  conftest.c >&5
configure:3416: $? = 0
configure:3416: result: yes
configure:3416: checking pty.h presence
configure:3416: gcc -E  conftest.c
configure:3416: $? = 0
configure:3416: result: yes
configure:3416: checking for pty.h
configure:3416: result: yes
configure:3428: checking zlib.h usability
configure:3428: gcc -c -g -O2  conftest.c >&5
configure:3428: $? = 0
configure:3428: result: yes
configure:3428: checking zlib.h presence
configure:3428: gcc -E  conftest.c
configure:3428: $? = 0
configure:3428: result: yes
configure:3428: checking for zlib.h
configure:3428: result: yes
configure:3442: checking pcre.h usability
configure:3442: gcc -c -g -O2  conftest.c >&5
configure:3442: $? = 0
configure:3442: result: yes
configure:3442: checking pcre.h presence
configure:3442: gcc -E  conftest.c
configure:3442: $? = 0
configure:3442: result: yes
configure:3442: checking for pcre.h
configure:3442: result: yes
configure:3456: checking for an ANSI C-conforming const
configure:3522: gcc -c -g -O2  conftest.c >&5
configure:3522: $? = 0
configure:3529: result: yes
configure:3537: checking for stdbool.h that conforms to C99
configure:3604: gcc -c -g -O2  conftest.c >&5
configure:3604: $? = 0
configure:3611: result: yes
configure:3613: checking for _Bool
configure:3613: gcc -c -g -O2  conftest.c >&5
configure:3613: $? = 0
configure:3613: gcc -c -g -O2  conftest.c >&5
conftest.c: In function 'main':
conftest.c:73:20: error: expected expression before ')' token
configure:3613: $? = 1
configure: failed program was:
| /* confdefs.h */
| #define PACKAGE_NAME ""
| #define PACKAGE_TARNAME ""
| #define PACKAGE_VERSION ""
| #define PACKAGE_STRING ""
| #define PACKAGE_BUGREPORT ""
| #define PACKAGE_URL ""
| #define STDC_HEADERS 1
| #define HAVE_SYS_TYPES_H 1
| #define HAVE_SYS_STAT_H 1
| #define HAVE_STDLIB_H 1
| #define HAVE_STRING_H 1
| #define HAVE_MEMORY_H 1
| #define HAVE_STRINGS_H 1
| #define HAVE_INTTYPES_H 1
| #define HAVE_STDINT_H 1
| #define HAVE_UNISTD_H 1
| #define HAVE_ARPA_INET_H 1
| #define HAVE_CTYPE_H 1
| #define HAVE_FCNTL_H 1
| #define HAVE_NETDB_H 1
| #define HAVE_NETINET_IN_H 1
| #define HAVE_PTHREAD_H 1
| #define HAVE_STDLIB_H 1
| #define HAVE_STRING_H 1
| #define HAVE_STRINGS_H 1
| #define HAVE_SYS_IOCTL_H 1
| #define HAVE_SYS_PARAM_H 1
| #define HAVE_SYS_SOCKET_H 1
| #define HAVE_SYS_TIME_H 1
| #define HAVE_TIME_H 1
| #define HAVE_UNISTD_H 1
| #define HAVE_PTY_H 1
| #define HAVE_ZLIB_H 1
| #define HAVE_PCRE_H 1
| /* end confdefs.h.  */
| #include <stdio.h>
| #ifdef HAVE_SYS_TYPES_H
| # include <sys/types.h>
| #endif
| #ifdef HAVE_SYS_STAT_H
| # include <sys/stat.h>
| #endif
| #ifdef STDC_HEADERS
| # include <stdlib.h>
| # include <stddef.h>
| #else
| # ifdef HAVE_STDLIB_H
| #  include <stdlib.h>
| # endif
| #endif
| #ifdef HAVE_STRING_H
| # if !defined STDC_HEADERS && defined HAVE_MEMORY_H
| #  include <memory.h>
| # endif
| # include <string.h>
| #endif
| #ifdef HAVE_STRINGS_H
| # include <strings.h>
| #endif
| #ifdef HAVE_INTTYPES_H
| # include <inttypes.h>
| #endif
| #ifdef HAVE_STDINT_H
| # include <stdint.h>
| #endif
| #ifdef HAVE_UNISTD_H
| # include <unistd.h>
| #endif
| int
| main ()
| {
| if (sizeof ((_Bool)))
| 	    return 0;
|   ;
|   return 0;
| }
configure:3613: result: yes
configure:3630: checking for size_t
configure:3630: gcc -c -g -O2  conftest.c >&5
configure:3630: $? = 0
configure:3630: gcc -c -g -O2  conftest.c >&5
conftest.c: In function 'main':
conftest.c:75:21: error: expected expression before ')' token
configure:3630: $? = 1
configure: failed program was:
| /* confdefs.h */
| #define PACKAGE_NAME ""
| #define PACKAGE_TARNAME ""
| #define PACKAGE_VERSION ""
| #define PACKAGE_STRING ""
| #define PACKAGE_BUGREPORT ""
| #define PACKAGE_URL ""
| #define STDC_HEADERS 1
| #define HAVE_SYS_TYPES_H 1
| #define HAVE_SYS_STAT_H 1
| #define HAVE_STDLIB_H 1
| #define HAVE_STRING_H 1
| #define HAVE_MEMORY_H 1
| #define HAVE_STRINGS_H 1
| #define HAVE_INTTYPES_H 1
| #define HAVE_STDINT_H 1
| #define HAVE_UNISTD_H 1
| #define HAVE_ARPA_INET_H 1
| #define HAVE_CTYPE_H 1
| #define HAVE_FCNTL_H 1
| #define HAVE_NETDB_H 1
| #define HAVE_NETINET_IN_H 1
| #define HAVE_PTHREAD_H 1
| #define HAVE_STDLIB_H 1
| #define HAVE_STRING_H 1
| #define HAVE_STRINGS_H 1
| #define HAVE_SYS_IOCTL_H 1
| #define HAVE_SYS_PARAM_H 1
| #define HAVE_SYS_SOCKET_H 1
| #define HAVE_SYS_TIME_H 1
| #define HAVE_TIME_H 1
| #define HAVE_UNISTD_H 1
| #define HAVE_PTY_H 1
| #define HAVE_ZLIB_H 1
| #define HAVE_PCRE_H 1
| #define HAVE__BOOL 1
| #define HAVE_STDBOOL_H 1
| /* end confdefs.h.  */
| #include <stdio.h>
| #ifdef HAVE_SYS_TYPES_H
| # include <sys/types.h>
| #endif
| #ifdef HAVE_SYS_STAT_H
| # include <sys/stat.h>
| #endif
| #ifdef STDC_HEADERS
| # include <stdlib.h>
| # include <stddef.h>
| #else
| # ifdef HAVE_STDLIB_H
| #  include <stdlib.h>
| # endif
| #endif
| #ifdef HAVE_STRING_H
| # if !defined STDC_HEADERS && defined HAVE_MEMORY_H
| #  include <memory.h>
| # endif
| # include <string.h>
| #endif
| #ifdef HAVE_STRINGS_H
| # include <strings.h>
| #endif
| #ifdef HAVE_INTTYPES_H
| # include <inttypes.h>
| #endif
| #ifdef HAVE_STDINT_H
| # include <stdint.h>
| #endif
| #ifdef HAVE_UNISTD_H
| # include <unistd.h>
| #endif
| int
| main ()
| {
| if (sizeof ((size_t)))
| 	    return 0;
|   ;
|   return 0;
| }
configure:3630: result: yes
configure:3641: checking whether time.h and sys/time.h may both be included
configure:3661: gcc -c -g -O2  conftest.c >&5
configure:3661: $? = 0
configure:3668: result: yes
configure:3676: checking whether struct tm is in sys/time.h or time.h
configure:3696: gcc -c -g -O2  conftest.c >&5
configure:3696: $? = 0
configure:3703: result: time.h
configure:3715: checking for working memcmp
configure:3758: gcc -o conftest -g -O2   conftest.c  >&5
configure:3758: $? = 0
configure:3758: ./conftest
configure:3758: $? = 0
configure:3768: result: yes
configure:3779: checking for stdlib.h
configure:3779: result: yes
configure:3789: checking for GNU libc compatible realloc
configure:3813: gcc -o conftest -g -O2   conftest.c  >&5
configure:3813: $? = 0
configure:3813: ./conftest
configure:3813: $? = 0
configure:3823: result: yes
configure:3847: checking sys/select.h usability
configure:3847: gcc -c -g -O2  conftest.c >&5
configure:3847: $? = 0
configure:3847: result: yes
configure:3847: checking sys/select.h presence
configure:3847: gcc -E  conftest.c
configure:3847: $? = 0
configure:3847: result: yes
configure:3847: checking for sys/select.h
configure:3847: result: yes
configure:3847: checking for sys/socket.h
configure:3847: result: yes
configure:3857: checking types of arguments for select
configure:3885: gcc -c -g -O2  conftest.c >&5
configure:3885: $? = 0
configure:3896: result: int,fd_set *,struct timeval *
configure:3919: checking return type of signal handlers
configure:3937: gcc -c -g -O2  conftest.c >&5
conftest.c: In function 'main':
conftest.c:53:1: error: void value not ignored as it ought to be
configure:3937: $? = 1
configure: failed program was:
| /* confdefs.h */
| #define PACKAGE_NAME ""
| #define PACKAGE_TARNAME ""
| #define PACKAGE_VERSION ""
| #define PACKAGE_STRING ""
| #define PACKAGE_BUGREPORT ""
| #define PACKAGE_URL ""
| #define STDC_HEADERS 1
| #define HAVE_SYS_TYPES_H 1
| #define HAVE_SYS_STAT_H 1
| #define HAVE_STDLIB_H 1
| #define HAVE_STRING_H 1
| #define HAVE_MEMORY_H 1
| #define HAVE_STRINGS_H 1
| #define HAVE_INTTYPES_H 1
| #define HAVE_STDINT_H 1
| #define HAVE_UNISTD_H 1
| #define HAVE_ARPA_INET_H 1
| #define HAVE_CTYPE_H 1
| #define HAVE_FCNTL_H 1
| #define HAVE_NETDB_H 1
| #define HAVE_NETINET_IN_H 1
| #define HAVE_PTHREAD_H 1
| #define HAVE_STDLIB_H 1
| #define HAVE_STRING_H 1
| #define HAVE_STRINGS_H 1
| #define HAVE_SYS_IOCTL_H 1
| #define HAVE_SYS_PARAM_H 1
| #define HAVE_SYS_SOCKET_H 1
| #define HAVE_SYS_TIME_H 1
| #define HAVE_TIME_H 1
| #define HAVE_UNISTD_H 1
| #define HAVE_PTY_H 1
| #define HAVE_ZLIB_H 1
| #define HAVE_PCRE_H 1
| #define HAVE__BOOL 1
| #define HAVE_STDBOOL_H 1
| #define TIME_WITH_SYS_TIME 1
| #define HAVE_STDLIB_H 1
| #define HAVE_REALLOC 1
| #define HAVE_SYS_SELECT_H 1
| #define HAVE_SYS_SOCKET_H 1
| #define SELECT_TYPE_ARG1 int
| #define SELECT_TYPE_ARG234 (fd_set *)
| #define SELECT_TYPE_ARG5 (struct timeval *)
| /* end confdefs.h.  */
| #include <sys/types.h>
| #include <signal.h>
| 
| int
| main ()
| {
| return *(signal (0, 0)) (0) == 1;
|   ;
|   return 0;
| }
configure:3944: result: void
configure:3952: checking whether lstat correctly handles trailing slash
configure:3978: gcc -o conftest -g -O2   conftest.c  >&5
configure:3978: $? = 0
configure:3978: ./conftest
configure:3978: $? = 0
configure:3995: result: yes
configure:4014: checking whether stat accepts an empty string
configure:4034: gcc -o conftest -g -O2   conftest.c  >&5
configure:4034: $? = 0
configure:4034: ./conftest
configure:4034: $? = 0
configure:4044: result: no
configure:4062: checking for strftime
configure:4062: gcc -o conftest -g -O2   conftest.c  >&5
conftest.c:72:6: warning: conflicting types for built-in function 'strftime' [enabled by default]
configure:4062: $? = 0
configure:4062: result: yes
configure:4121: checking for utime.h
configure:4121: gcc -c -g -O2  conftest.c >&5
configure:4121: $? = 0
configure:4121: result: yes
configure:4135: checking whether utime accepts a null argument
configure:4164: gcc -o conftest -g -O2   conftest.c  >&5
configure:4164: $? = 0
configure:4164: ./conftest
configure:4164: $? = 0
configure:4174: result: yes
configure:4186: checking for vprintf
configure:4186: gcc -o conftest -g -O2   conftest.c  >&5
conftest.c:75:6: warning: conflicting types for built-in function 'vprintf' [enabled by default]
configure:4186: $? = 0
configure:4186: result: yes
configure:4192: checking for _doprnt
configure:4192: gcc -o conftest -g -O2   conftest.c  >&5
/tmp/ccVbsomc.o: In function `main':
/home/chee/chromaterm/src/conftest.c:87: undefined reference to `_doprnt'
collect2: ld returned 1 exit status
configure:4192: $? = 1
configure: failed program was:
| /* confdefs.h */
| #define PACKAGE_NAME ""
| #define PACKAGE_TARNAME ""
| #define PACKAGE_VERSION ""
| #define PACKAGE_STRING ""
| #define PACKAGE_BUGREPORT ""
| #define PACKAGE_URL ""
| #define STDC_HEADERS 1
| #define HAVE_SYS_TYPES_H 1
| #define HAVE_SYS_STAT_H 1
| #define HAVE_STDLIB_H 1
| #define HAVE_STRING_H 1
| #define HAVE_MEMORY_H 1
| #define HAVE_STRINGS_H 1
| #define HAVE_INTTYPES_H 1
| #define HAVE_STDINT_H 1
| #define HAVE_UNISTD_H 1
| #define HAVE_ARPA_INET_H 1
| #define HAVE_CTYPE_H 1
| #define HAVE_FCNTL_H 1
| #define HAVE_NETDB_H 1
| #define HAVE_NETINET_IN_H 1
| #define HAVE_PTHREAD_H 1
| #define HAVE_STDLIB_H 1
| #define HAVE_STRING_H 1
| #define HAVE_STRINGS_H 1
| #define HAVE_SYS_IOCTL_H 1
| #define HAVE_SYS_PARAM_H 1
| #define HAVE_SYS_SOCKET_H 1
| #define HAVE_SYS_TIME_H 1
| #define HAVE_TIME_H 1
| #define HAVE_UNISTD_H 1
| #define HAVE_PTY_H 1
| #define HAVE_ZLIB_H 1
| #define HAVE_PCRE_H 1
| #define HAVE__BOOL 1
| #define HAVE_STDBOOL_H 1
| #define TIME_WITH_SYS_TIME 1
| #define HAVE_STDLIB_H 1
| #define HAVE_REALLOC 1
| #define HAVE_SYS_SELECT_H 1
| #define HAVE_SYS_SOCKET_H 1
| #define SELECT_TYPE_ARG1 int
| #define SELECT_TYPE_ARG234 (fd_set *)
| #define SELECT_TYPE_ARG5 (struct timeval *)
| #define RETSIGTYPE void
| #define LSTAT_FOLLOWS_SLASHED_SYMLINK 1
| #define HAVE_STRFTIME 1
| #define HAVE_UTIME_H 1
| #define HAVE_UTIME_NULL 1
| #define HAVE_VPRINTF 1
| /* end confdefs.h.  */
| /* Define _doprnt to an innocuous variant, in case <limits.h> declares _doprnt.
|    For example, HP-UX 11i <limits.h> declares gettimeofday.  */
| #define _doprnt innocuous__doprnt
| 
| /* System header to define __stub macros and hopefully few prototypes,
|     which can conflict with char _doprnt (); below.
|     Prefer <limits.h> to <assert.h> if __STDC__ is defined, since
|     <limits.h> exists even on freestanding compilers.  */
| 
| #ifdef __STDC__
| # include <limits.h>
| #else
| # include <assert.h>
| #endif
| 
| #undef _doprnt
| 
| /* Override any GCC internal prototype to avoid an error.
|    Use char because int might match the return type of a GCC
|    builtin and then its argument prototype would still apply.  */
| #ifdef __cplusplus
| extern "C"
| #endif
| char _doprnt ();
| /* The GNU C library defines this for functions which it implements
|     to always fail with ENOSYS.  Some functions are actually named
|     something starting with __ and the normal name is an alias.  */
| #if defined __stub__doprnt || defined __stub____doprnt
| choke me
| #endif
| 
| int
| main ()
| {
| return _doprnt ();
|   ;
|   return 0;
| }
configure:4192: result: no
configure:4206: checking for gethostbyname
configure:4206: gcc -o conftest -g -O2   conftest.c  >&5
configure:4206: $? = 0
configure:4206: result: yes
configure:4206: checking for gethostname
configure:4206: gcc -o conftest -g -O2   conftest.c  >&5
configure:4206: $? = 0
configure:4206: result: yes
configure:4206: checking for gettimeofday
configure:4206: gcc -o conftest -g -O2   conftest.c  >&5
configure:4206: $? = 0
configure:4206: result: yes
configure:4206: checking for inet_ntoa
configure:4206: gcc -o conftest -g -O2   conftest.c  >&5
configure:4206: $? = 0
configure:4206: result: yes
configure:4206: checking for memset
configure:4206: gcc -o conftest -g -O2   conftest.c  >&5
conftest.c:80:6: warning: conflicting types for built-in function 'memset' [enabled by default]
configure:4206: $? = 0
configure:4206: result: yes
configure:4206: checking for select
configure:4206: gcc -o conftest -g -O2   conftest.c  >&5
configure:4206: $? = 0
configure:4206: result: yes
configure:4206: checking for socket
configure:4206: gcc -o conftest -g -O2   conftest.c  >&5
configure:4206: $? = 0
configure:4206: result: yes
configure:4206: checking for strcasecmp
configure:4206: gcc -o conftest -g -O2   conftest.c  >&5
conftest.c:83:6: warning: conflicting types for built-in function 'strcasecmp' [enabled by default]
configure:4206: $? = 0
configure:4206: result: yes
configure:4206: checking for strchr
configure:4206: gcc -o conftest -g -O2   conftest.c  >&5
conftest.c:84:6: warning: conflicting types for built-in function 'strchr' [enabled by default]
configure:4206: $? = 0
configure:4206: result: yes
configure:4206: checking for strdup
configure:4206: gcc -o conftest -g -O2   conftest.c  >&5
conftest.c:85:6: warning: conflicting types for built-in function 'strdup' [enabled by default]
configure:4206: $? = 0
configure:4206: result: yes
configure:4206: checking for strerror
configure:4206: gcc -o conftest -g -O2   conftest.c  >&5
configure:4206: $? = 0
configure:4206: result: yes
configure:4206: checking for strftime
configure:4206: result: yes
configure:4206: checking for strncasecmp
configure:4206: gcc -o conftest -g -O2   conftest.c  >&5
conftest.c:88:6: warning: conflicting types for built-in function 'strncasecmp' [enabled by default]
configure:4206: $? = 0
configure:4206: result: yes
configure:4206: checking for strstr
configure:4206: gcc -o conftest -g -O2   conftest.c  >&5
conftest.c:89:6: warning: conflicting types for built-in function 'strstr' [enabled by default]
configure:4206: $? = 0
configure:4206: result: yes
configure:4206: checking for utime
configure:4206: gcc -o conftest -g -O2   conftest.c  >&5
configure:4206: $? = 0
configure:4206: result: yes
configure:4206: checking for getaddrinfo
configure:4206: gcc -o conftest -g -O2   conftest.c  >&5
configure:4206: $? = 0
configure:4206: result: yes
configure:4206: checking for forkpty
configure:4206: gcc -o conftest -g -O2   conftest.c  >&5
/tmp/ccpogZFP.o: In function `main':
/home/chee/chromaterm/src/conftest.c:103: undefined reference to `forkpty'
collect2: ld returned 1 exit status
configure:4206: $? = 1
configure: failed program was:
| /* confdefs.h */
| #define PACKAGE_NAME ""
| #define PACKAGE_TARNAME ""
| #define PACKAGE_VERSION ""
| #define PACKAGE_STRING ""
| #define PACKAGE_BUGREPORT ""
| #define PACKAGE_URL ""
| #define STDC_HEADERS 1
| #define HAVE_SYS_TYPES_H 1
| #define HAVE_SYS_STAT_H 1
| #define HAVE_STDLIB_H 1
| #define HAVE_STRING_H 1
| #define HAVE_MEMORY_H 1
| #define HAVE_STRINGS_H 1
| #define HAVE_INTTYPES_H 1
| #define HAVE_STDINT_H 1
| #define HAVE_UNISTD_H 1
| #define HAVE_ARPA_INET_H 1
| #define HAVE_CTYPE_H 1
| #define HAVE_FCNTL_H 1
| #define HAVE_NETDB_H 1
| #define HAVE_NETINET_IN_H 1
| #define HAVE_PTHREAD_H 1
| #define HAVE_STDLIB_H 1
| #define HAVE_STRING_H 1
| #define HAVE_STRINGS_H 1
| #define HAVE_SYS_IOCTL_H 1
| #define HAVE_SYS_PARAM_H 1
| #define HAVE_SYS_SOCKET_H 1
| #define HAVE_SYS_TIME_H 1
| #define HAVE_TIME_H 1
| #define HAVE_UNISTD_H 1
| #define HAVE_PTY_H 1
| #define HAVE_ZLIB_H 1
| #define HAVE_PCRE_H 1
| #define HAVE__BOOL 1
| #define HAVE_STDBOOL_H 1
| #define TIME_WITH_SYS_TIME 1
| #define HAVE_STDLIB_H 1
| #define HAVE_REALLOC 1
| #define HAVE_SYS_SELECT_H 1
| #define HAVE_SYS_SOCKET_H 1
| #define SELECT_TYPE_ARG1 int
| #define SELECT_TYPE_ARG234 (fd_set *)
| #define SELECT_TYPE_ARG5 (struct timeval *)
| #define RETSIGTYPE void
| #define LSTAT_FOLLOWS_SLASHED_SYMLINK 1
| #define HAVE_STRFTIME 1
| #define HAVE_UTIME_H 1
| #define HAVE_UTIME_NULL 1
| #define HAVE_VPRINTF 1
| #define HAVE_GETHOSTBYNAME 1
| #define HAVE_GETHOSTNAME 1
| #define HAVE_GETTIMEOFDAY 1
| #define HAVE_INET_NTOA 1
| #define HAVE_MEMSET 1
| #define HAVE_SELECT 1
| #define HAVE_SOCKET 1
| #define HAVE_STRCASECMP 1
| #define HAVE_STRCHR 1
| #define HAVE_STRDUP 1
| #define HAVE_STRERROR 1
| #define HAVE_STRFTIME 1
| #define HAVE_STRNCASECMP 1
| #define HAVE_STRSTR 1
| #define HAVE_UTIME 1
| #define HAVE_GETADDRINFO 1
| /* end confdefs.h.  */
| /* Define forkpty to an innocuous variant, in case <limits.h> declares forkpty.
|    For example, HP-UX 11i <limits.h> declares gettimeofday.  */
| #define forkpty innocuous_forkpty
| 
| /* System header to define __stub macros and hopefully few prototypes,
|     which can conflict with char forkpty (); below.
|     Prefer <limits.h> to <assert.h> if __STDC__ is defined, since
|     <limits.h> exists even on freestanding compilers.  */
| 
| #ifdef __STDC__
| # include <limits.h>
| #else
| # include <assert.h>
| #endif
| 
| #undef forkpty
| 
| /* Override any GCC internal prototype to avoid an error.
|    Use char because int might match the return type of a GCC
|    builtin and then its argument prototype would still apply.  */
| #ifdef __cplusplus
| extern "C"
| #endif
| char forkpty ();
| /* The GNU C library defines this for functions which it implements
|     to always fail with ENOSYS.  Some functions are actually named
|     something starting with __ and the normal name is an alias.  */
| #if defined __stub_forkpty || defined __stub___forkpty
| choke me
| #endif
| 
| int
| main ()
| {
| return forkpty ();
|   ;
|   return 0;
| }
configure:4206: result: no
configure:4206: checking for popen
configure:4206: gcc -o conftest -g -O2   conftest.c  >&5
configure:4206: $? = 0
configure:4206: result: yes
configure:4218: checking for inflate in -lz
configure:4243: gcc -o conftest -g -O2   conftest.c -lz   >&5
configure:4243: $? = 0
configure:4252: result: yes
configure:4265: checking for pthread_create in -lpthread
configure:4290: gcc -o conftest -g -O2   conftest.c -lpthread  -lz  >&5
configure:4290: $? = 0
configure:4299: result: yes
configure:4310: checking for gethostbyname in -lnsl
configure:4335: gcc -o conftest -g -O2   conftest.c -lnsl  -lpthread -lz  >&5
configure:4335: $? = 0
configure:4344: result: yes
configure:4355: checking for rresvport in -lsocket
configure:4380: gcc -o conftest -g -O2   conftest.c -lsocket  -lnsl -lpthread -lz  >&5
/usr/bin/ld: cannot find -lsocket
collect2: ld returned 1 exit status
configure:4380: $? = 1
configure: failed program was:
| /* confdefs.h */
| #define PACKAGE_NAME ""
| #define PACKAGE_TARNAME ""
| #define PACKAGE_VERSION ""
| #define PACKAGE_STRING ""
| #define PACKAGE_BUGREPORT ""
| #define PACKAGE_URL ""
| #define STDC_HEADERS 1
| #define HAVE_SYS_TYPES_H 1
| #define HAVE_SYS_STAT_H 1
| #define HAVE_STDLIB_H 1
| #define HAVE_STRING_H 1
| #define HAVE_MEMORY_H 1
| #define HAVE_STRINGS_H 1
| #define HAVE_INTTYPES_H 1
| #define HAVE_STDINT_H 1
| #define HAVE_UNISTD_H 1
| #define HAVE_ARPA_INET_H 1
| #define HAVE_CTYPE_H 1
| #define HAVE_FCNTL_H 1
| #define HAVE_NETDB_H 1
| #define HAVE_NETINET_IN_H 1
| #define HAVE_PTHREAD_H 1
| #define HAVE_STDLIB_H 1
| #define HAVE_STRING_H 1
| #define HAVE_STRINGS_H 1
| #define HAVE_SYS_IOCTL_H 1
| #define HAVE_SYS_PARAM_H 1
| #define HAVE_SYS_SOCKET_H 1
| #define HAVE_SYS_TIME_H 1
| #define HAVE_TIME_H 1
| #define HAVE_UNISTD_H 1
| #define HAVE_PTY_H 1
| #define HAVE_ZLIB_H 1
| #define HAVE_PCRE_H 1
| #define HAVE__BOOL 1
| #define HAVE_STDBOOL_H 1
| #define TIME_WITH_SYS_TIME 1
| #define HAVE_STDLIB_H 1
| #define HAVE_REALLOC 1
| #define HAVE_SYS_SELECT_H 1
| #define HAVE_SYS_SOCKET_H 1
| #define SELECT_TYPE_ARG1 int
| #define SELECT_TYPE_ARG234 (fd_set *)
| #define SELECT_TYPE_ARG5 (struct timeval *)
| #define RETSIGTYPE void
| #define LSTAT_FOLLOWS_SLASHED_SYMLINK 1
| #define HAVE_STRFTIME 1
| #define HAVE_UTIME_H 1
| #define HAVE_UTIME_NULL 1
| #define HAVE_VPRINTF 1
| #define HAVE_GETHOSTBYNAME 1
| #define HAVE_GETHOSTNAME 1
| #define HAVE_GETTIMEOFDAY 1
| #define HAVE_INET_NTOA 1
| #define HAVE_MEMSET 1
| #define HAVE_SELECT 1
| #define HAVE_SOCKET 1
| #define HAVE_STRCASECMP 1
| #define HAVE_STRCHR 1
| #define HAVE_STRDUP 1
| #define HAVE_STRERROR 1
| #define HAVE_STRFTIME 1
| #define HAVE_STRNCASECMP 1
| #define HAVE_STRSTR 1
| #define HAVE_UTIME 1
| #define HAVE_GETADDRINFO 1
| #define HAVE_POPEN 1
| #define HAVE_LIBZ 1
| #define HAVE_LIBPTHREAD 1
| #define HAVE_LIBNSL 1
| /* end confdefs.h.  */
| 
| /* Override any GCC internal prototype to avoid an error.
|    Use char because int might match the return type of a GCC
|    builtin and then its argument prototype would still apply.  */
| #ifdef __cplusplus
| extern "C"
| #endif
| char rresvport ();
| int
| main ()
| {
| return rresvport ();
|   ;
|   return 0;
| }
configure:4389: result: no
configure:4400: checking for forkpty in -lutil
configure:4425: gcc -o conftest -g -O2   conftest.c -lutil  -lnsl -lpthread -lz  >&5
configure:4425: $? = 0
configure:4434: result: yes
configure:4445: checking for pcre_compile in -lpcre
configure:4470: gcc -o conftest -g -O2   conftest.c -lpcre  -lutil -lnsl -lpthread -lz  >&5
configure:4470: $? = 0
configure:4479: result: yes
configure:4496: checking for gmake
configure:4526: result: no
configure:4496: checking for make
configure:4512: found /usr/bin/make
configure:4523: result: make
configure:4535: checking for /dev/ptmx
configure:4548: result: yes
configure:4561: checking for library containing getmntent
configure:4592: gcc -o conftest -g -O2   conftest.c -lpcre -lutil -lnsl -lpthread -lz  >&5
configure:4592: $? = 0
configure:4609: result: none required
configure:4626: checking for dirent.h that defines DIR
configure:4645: gcc -c -g -O2  conftest.c >&5
configure:4645: $? = 0
configure:4653: result: yes
configure:4666: checking for library containing opendir
configure:4697: gcc -o conftest -g -O2   conftest.c -lpcre -lutil -lnsl -lpthread -lz  >&5
configure:4697: $? = 0
configure:4714: result: none required
configure:4898: creating ./config.status

## ---------------------- ##
## Running config.status. ##
## ---------------------- ##

This file was extended by config.status, which was
generated by GNU Autoconf 2.69.  Invocation command line was

  CONFIG_FILES    = 
  CONFIG_HEADERS  = 
  CONFIG_LINKS    = 
  CONFIG_COMMANDS = 
  $ ./config.status 

on webdev

config.status:862: creating Makefile
config.status:862: creating config.h

## ---------------- ##
## Cache variables. ##
## ---------------- ##

ac_cv_c_compiler_gnu=yes
ac_cv_c_const=yes
ac_cv_env_CC_set=
ac_cv_env_CC_value=
ac_cv_env_CFLAGS_set=
ac_cv_env_CFLAGS_value=
ac_cv_env_CPPFLAGS_set=
ac_cv_env_CPPFLAGS_value=
ac_cv_env_CPP_set=
ac_cv_env_CPP_value=
ac_cv_env_LDFLAGS_set=
ac_cv_env_LDFLAGS_value=
ac_cv_env_LIBS_set=
ac_cv_env_LIBS_value=
ac_cv_env_build_alias_set=
ac_cv_env_build_alias_value=
ac_cv_env_host_alias_set=
ac_cv_env_host_alias_value=
ac_cv_env_target_alias_set=
ac_cv_env_target_alias_value=
ac_cv_file__dev_ptmx=yes
ac_cv_func__doprnt=no
ac_cv_func_forkpty=no
ac_cv_func_getaddrinfo=yes
ac_cv_func_gethostbyname=yes
ac_cv_func_gethostname=yes
ac_cv_func_getmntent=yes
ac_cv_func_gettimeofday=yes
ac_cv_func_inet_ntoa=yes
ac_cv_func_lstat_dereferences_slashed_symlink=yes
ac_cv_func_memcmp_working=yes
ac_cv_func_memset=yes
ac_cv_func_popen=yes
ac_cv_func_realloc_0_nonnull=yes
ac_cv_func_select=yes
ac_cv_func_select_args='int,fd_set *,struct timeval *'
ac_cv_func_socket=yes
ac_cv_func_stat_empty_string_bug=no
ac_cv_func_strcasecmp=yes
ac_cv_func_strchr=yes
ac_cv_func_strdup=yes
ac_cv_func_strerror=yes
ac_cv_func_strftime=yes
ac_cv_func_strncasecmp=yes
ac_cv_func_strstr=yes
ac_cv_func_utime=yes
ac_cv_func_utime_null=yes
ac_cv_func_vprintf=yes
ac_cv_header_arpa_inet_h=yes
ac_cv_header_ctype_h=yes
ac_cv_header_dirent_dirent_h=yes
ac_cv_header_fcntl_h=yes
ac_cv_header_inttypes_h=yes
ac_cv_header_memory_h=yes
ac_cv_header_net_errno_h=no
ac_cv_header_netdb_h=yes
ac_cv_header_netinet_in_h=yes
ac_cv_header_param_h=no
ac_cv_header_pcre_h=yes
ac_cv_header_pthread_h=yes
ac_cv_header_pty_h=yes
ac_cv_header_socks_h=no
ac_cv_header_stdbool_h=yes
ac_cv_header_stdc=yes
ac_cv_header_stdint_h=yes
ac_cv_header_stdlib_h=yes
ac_cv_header_string_h=yes
ac_cv_header_strings_h=yes
ac_cv_header_sys_ioctl_h=yes
ac_cv_header_sys_param_h=yes
ac_cv_header_sys_ptem_h=no
ac_cv_header_sys_select_h=yes
ac_cv_header_sys_socket_h=yes
ac_cv_header_sys_stat_h=yes
ac_cv_header_sys_termio_h=no
ac_cv_header_sys_time_h=yes
ac_cv_header_sys_types_h=yes
ac_cv_header_time=yes
ac_cv_header_time_h=yes
ac_cv_header_unistd_h=yes
ac_cv_header_util_h=no
ac_cv_header_utime_h=yes
ac_cv_header_zlib_h=yes
ac_cv_lib_nsl_gethostbyname=yes
ac_cv_lib_pcre_pcre_compile=yes
ac_cv_lib_pthread_pthread_create=yes
ac_cv_lib_socket_rresvport=no
ac_cv_lib_util_forkpty=yes
ac_cv_lib_z_inflate=yes
ac_cv_objext=o
ac_cv_path_EGREP='/bin/grep -E'
ac_cv_path_GREP=/bin/grep
ac_cv_prog_CPP='gcc -E'
ac_cv_prog_MAKE=make
ac_cv_prog_ac_ct_CC=gcc
ac_cv_prog_cc_c89=
ac_cv_prog_cc_g=yes
ac_cv_prog_make_make_set=yes
ac_cv_search_getmntent='none required'
ac_cv_search_opendir='none required'
ac_cv_struct_tm=time.h
ac_cv_type__Bool=yes
ac_cv_type_signal=void
ac_cv_type_size_t=yes

## ----------------- ##
## Output variables. ##
## ----------------- ##

BIG5=''
CC='gcc'
CFLAGS='-g -O2'
CPP='gcc -E'
CPPFLAGS=''
DEFS='-DHAVE_CONFIG_H'
ECHO_C=''
ECHO_N='-n'
ECHO_T=''
EGREP='/bin/grep -E'
EXEEXT=''
GREP='/bin/grep'
LDFLAGS=''
LIBOBJS=''
LIBS='-lpcre -lutil -lnsl -lpthread -lz '
LTLIBOBJS=''
MAKE='make'
MYINCLUDE=''
MYLIB=''
OBJEXT='o'
PACKAGE_BUGREPORT=''
PACKAGE_NAME=''
PACKAGE_STRING=''
PACKAGE_TARNAME=''
PACKAGE_URL=''
PACKAGE_VERSION=''
PATH_SEPARATOR=':'
SET_MAKE=''
SHELL='/bin/bash'
ac_ct_CC='gcc'
bindir='${exec_prefix}/bin'
build_alias=''
datadir='${datarootdir}'
datarootdir='${prefix}/share'
docdir='${datarootdir}/doc/${PACKAGE}'
dvidir='${docdir}'
exec_prefix='${prefix}'
host_alias=''
htmldir='${docdir}'
includedir='${prefix}/include'
infodir='${datarootdir}/info'
libdir='${exec_prefix}/lib'
libexecdir='${exec_prefix}/libexec'
localedir='${datarootdir}/locale'
localstatedir='${prefix}/var'
mandir='${datarootdir}/man'
mybindir='.'
oldincludedir='/usr/include'
pdfdir='${docdir}'
prefix='/usr/local'
program_transform_name='s,x,x,'
psdir='${docdir}'
sbindir='${exec_prefix}/sbin'
sharedstatedir='${prefix}/com'
sysconfdir='${prefix}/etc'
target_alias=''

## ----------- ##
## confdefs.h. ##
## ----------- ##

/* confdefs.h */
#define PACKAGE_NAME ""
#define PACKAGE_TARNAME ""
#define PACKAGE_VERSION ""
#define PACKAGE_STRING ""
#define PACKAGE_BUGREPORT ""
#define PACKAGE_URL ""
#define STDC_HEADERS 1
#define HAVE_SYS_TYPES_H 1
#define HAVE_SYS_STAT_H 1
#define HAVE_STDLIB_H 1
#define HAVE_STRING_H 1
#define HAVE_MEMORY_H 1
#define HAVE_STRINGS_H 1
#define HAVE_INTTYPES_H 1
#define HAVE_STDINT_H 1
#define HAVE_UNISTD_H 1
#define HAVE_ARPA_INET_H 1
#define HAVE_CTYPE_H 1
#define HAVE_FCNTL_H 1
#define HAVE_NETDB_H 1
#define HAVE_NETINET_IN_H 1
#define HAVE_PTHREAD_H 1
#define HAVE_STDLIB_H 1
#define HAVE_STRING_H 1
#define HAVE_STRINGS_H 1
#define HAVE_SYS_IOCTL_H 1
#define HAVE_SYS_PARAM_H 1
#define HAVE_SYS_SOCKET_H 1
#define HAVE_SYS_TIME_H 1
#define HAVE_TIME_H 1
#define HAVE_UNISTD_H 1
#define HAVE_PTY_H 1
#define HAVE_ZLIB_H 1
#define HAVE_PCRE_H 1
#define HAVE__BOOL 1
#define HAVE_STDBOOL_H 1
#define TIME_WITH_SYS_TIME 1
#define HAVE_STDLIB_H 1
#define HAVE_REALLOC 1
#define HAVE_SYS_SELECT_H 1
#define HAVE_SYS_SOCKET_H 1
#define SELECT_TYPE_ARG1 int
#define SELECT_TYPE_ARG234 (fd_set *)
#define SELECT_TYPE_ARG5 (struct timeval *)
#define RETSIGTYPE void
#define LSTAT_FOLLOWS_SLASHED_SYMLINK 1
#define HAVE_STRFTIME 1
#define HAVE_UTIME_H 1
#define HAVE_UTIME_NULL 1
#define HAVE_VPRINTF 1
#define HAVE_GETHOSTBYNAME 1
#define HAVE_GETHOSTNAME 1
#define HAVE_GETTIMEOFDAY 1
#define HAVE_INET_NTOA 1
#define HAVE_MEMSET 1
#define HAVE_SELECT 1
#define HAVE_SOCKET 1
#define HAVE_STRCASECMP 1
#define HAVE_STRCHR 1
#define HAVE_STRDUP 1
#define HAVE_STRERROR 1
#define HAVE_STRFTIME 1
#define HAVE_STRNCASECMP 1
#define HAVE_STRSTR 1
#define HAVE_UTIME 1
#define HAVE_GETADDRINFO 1
#define HAVE_POPEN 1
#define HAVE_LIBZ 1
#define HAVE_LIBPTHREAD 1
#define HAVE_LIBNSL 1
#define HAVE_LIBUTIL 1
#define HAVE_LIBPCRE 1
#define HAVE__DEV_PTMX 1
#define HAVE_GETMNTENT 1
#define HAVE_DIRENT_H 1

configure: exit 0
